2019-06-29 17:20:47,876 - Log4JLogChute initialized using file 'velocity.log'
2019-06-29 17:20:47,877 - Initializing Velocity, Calling init()...
2019-06-29 17:20:47,877 - Starting Apache Velocity v1.7 (compiled: 2010-11-19 12:14:37)
2019-06-29 17:20:47,877 - Default Properties File: org\apache\velocity\runtime\defaults\velocity.properties
2019-06-29 17:20:47,877 - Trying to use logger class org.apache.velocity.runtime.log.AvalonLogChute
2019-06-29 17:20:47,877 - Target log system for org.apache.velocity.runtime.log.AvalonLogChute is not available (java.lang.NoClassDefFoundError: org/apache/log/format/Formatter).  Falling back to next log system...
2019-06-29 17:20:47,877 - Trying to use logger class org.apache.velocity.runtime.log.Log4JLogChute
2019-06-29 17:20:47,877 - Using logger class org.apache.velocity.runtime.log.Log4JLogChute
2019-06-29 17:20:47,882 - ResourceLoader instantiated: org.apache.velocity.runtime.resource.loader.FileResourceLoader
2019-06-29 17:20:47,883 - Do unicode file recognition:  false
2019-06-29 17:20:47,883 - FileResourceLoader : adding path '.'
2019-06-29 17:20:47,952 - ResourceCache: initialized (class org.apache.velocity.runtime.resource.ResourceCacheImpl) with class java.util.Collections$SynchronizedMap cache map.
2019-06-29 17:20:47,953 - Loaded System Directive: org.apache.velocity.runtime.directive.Stop
2019-06-29 17:20:47,954 - Loaded System Directive: org.apache.velocity.runtime.directive.Define
2019-06-29 17:20:47,955 - Loaded System Directive: org.apache.velocity.runtime.directive.Break
2019-06-29 17:20:47,957 - Loaded System Directive: org.apache.velocity.runtime.directive.Evaluate
2019-06-29 17:20:47,958 - Loaded System Directive: org.apache.velocity.runtime.directive.Literal
2019-06-29 17:20:47,965 - Loaded System Directive: org.apache.velocity.runtime.directive.Macro
2019-06-29 17:20:47,969 - Loaded System Directive: org.apache.velocity.runtime.directive.Parse
2019-06-29 17:20:47,970 - Loaded System Directive: org.apache.velocity.runtime.directive.Include
2019-06-29 17:20:47,971 - Loaded System Directive: org.apache.velocity.runtime.directive.Foreach
2019-06-29 17:20:48,048 - Created '20' parsers.
2019-06-29 17:20:48,053 - Velocimacro : "velocimacro.library" is not set.  Trying default library: VM_global_library.vm
2019-06-29 17:20:48,053 - Velocimacro : Default library not found.
2019-06-29 17:20:48,053 - Velocimacro : allowInline = true : VMs can be defined inline in templates
2019-06-29 17:20:48,053 - Velocimacro : allowInlineToOverride = false : VMs defined inline may NOT replace previous VM definitions
2019-06-29 17:20:48,053 - Velocimacro : allowInlineLocal = false : VMs defined inline will be global in scope if allowed.
2019-06-29 17:20:48,053 - Velocimacro : autoload off : VM system will not automatically reload global library macros
2019-06-29 17:22:01,350 - Log4JLogChute initialized using file 'velocity.log'
2019-06-29 17:22:01,351 - Initializing Velocity, Calling init()...
2019-06-29 17:22:01,351 - Starting Apache Velocity v1.7 (compiled: 2010-11-19 12:14:37)
2019-06-29 17:22:01,351 - Default Properties File: org\apache\velocity\runtime\defaults\velocity.properties
2019-06-29 17:22:01,351 - Trying to use logger class org.apache.velocity.runtime.log.AvalonLogChute
2019-06-29 17:22:01,351 - Target log system for org.apache.velocity.runtime.log.AvalonLogChute is not available (java.lang.NoClassDefFoundError: org/apache/log/format/Formatter).  Falling back to next log system...
2019-06-29 17:22:01,351 - Trying to use logger class org.apache.velocity.runtime.log.Log4JLogChute
2019-06-29 17:22:01,352 - Using logger class org.apache.velocity.runtime.log.Log4JLogChute
2019-06-29 17:22:01,363 - ResourceLoader instantiated: org.apache.velocity.runtime.resource.loader.FileResourceLoader
2019-06-29 17:22:01,364 - Do unicode file recognition:  false
2019-06-29 17:22:01,364 - FileResourceLoader : adding path '.'
2019-06-29 17:22:01,386 - ResourceCache: initialized (class org.apache.velocity.runtime.resource.ResourceCacheImpl) with class java.util.Collections$SynchronizedMap cache map.
2019-06-29 17:22:01,395 - Loaded System Directive: org.apache.velocity.runtime.directive.Stop
2019-06-29 17:22:01,398 - Loaded System Directive: org.apache.velocity.runtime.directive.Define
2019-06-29 17:22:01,399 - Loaded System Directive: org.apache.velocity.runtime.directive.Break
2019-06-29 17:22:01,401 - Loaded System Directive: org.apache.velocity.runtime.directive.Evaluate
2019-06-29 17:22:01,402 - Loaded System Directive: org.apache.velocity.runtime.directive.Literal
2019-06-29 17:22:01,403 - Loaded System Directive: org.apache.velocity.runtime.directive.Macro
2019-06-29 17:22:01,404 - Loaded System Directive: org.apache.velocity.runtime.directive.Parse
2019-06-29 17:22:01,405 - Loaded System Directive: org.apache.velocity.runtime.directive.Include
2019-06-29 17:22:01,405 - Loaded System Directive: org.apache.velocity.runtime.directive.Foreach
2019-06-29 17:22:01,470 - Created '20' parsers.
2019-06-29 17:22:01,478 - Velocimacro : "velocimacro.library" is not set.  Trying default library: VM_global_library.vm
2019-06-29 17:22:01,484 - Velocimacro : Default library not found.
2019-06-29 17:22:01,487 - Velocimacro : allowInline = true : VMs can be defined inline in templates
2019-06-29 17:22:01,488 - Velocimacro : allowInlineToOverride = false : VMs defined inline may NOT replace previous VM definitions
2019-06-29 17:22:01,488 - Velocimacro : allowInlineLocal = false : VMs defined inline will be global in scope if allowed.
2019-06-29 17:22:01,488 - Velocimacro : autoload off : VM system will not automatically reload global library macros
2019-06-29 17:22:41,756 - Log4JLogChute initialized using file 'velocity.log'
2019-06-29 17:22:41,757 - Initializing Velocity, Calling init()...
2019-06-29 17:22:41,757 - Starting Apache Velocity v1.7 (compiled: 2010-11-19 12:14:37)
2019-06-29 17:22:41,757 - Default Properties File: org\apache\velocity\runtime\defaults\velocity.properties
2019-06-29 17:22:41,757 - Trying to use logger class org.apache.velocity.runtime.log.AvalonLogChute
2019-06-29 17:22:41,757 - Target log system for org.apache.velocity.runtime.log.AvalonLogChute is not available (java.lang.NoClassDefFoundError: org/apache/log/format/Formatter).  Falling back to next log system...
2019-06-29 17:22:41,757 - Trying to use logger class org.apache.velocity.runtime.log.Log4JLogChute
2019-06-29 17:22:41,757 - Using logger class org.apache.velocity.runtime.log.Log4JLogChute
2019-06-29 17:22:41,762 - ResourceLoader instantiated: org.apache.velocity.runtime.resource.loader.FileResourceLoader
2019-06-29 17:22:41,763 - Do unicode file recognition:  false
2019-06-29 17:22:41,763 - FileResourceLoader : adding path '.'
2019-06-29 17:22:41,771 - ResourceCache: initialized (class org.apache.velocity.runtime.resource.ResourceCacheImpl) with class java.util.Collections$SynchronizedMap cache map.
2019-06-29 17:22:41,785 - Loaded System Directive: org.apache.velocity.runtime.directive.Stop
2019-06-29 17:22:41,787 - Loaded System Directive: org.apache.velocity.runtime.directive.Define
2019-06-29 17:22:41,787 - Loaded System Directive: org.apache.velocity.runtime.directive.Break
2019-06-29 17:22:41,788 - Loaded System Directive: org.apache.velocity.runtime.directive.Evaluate
2019-06-29 17:22:41,789 - Loaded System Directive: org.apache.velocity.runtime.directive.Literal
2019-06-29 17:22:41,791 - Loaded System Directive: org.apache.velocity.runtime.directive.Macro
2019-06-29 17:22:41,792 - Loaded System Directive: org.apache.velocity.runtime.directive.Parse
2019-06-29 17:22:41,793 - Loaded System Directive: org.apache.velocity.runtime.directive.Include
2019-06-29 17:22:41,794 - Loaded System Directive: org.apache.velocity.runtime.directive.Foreach
2019-06-29 17:22:41,822 - Created '20' parsers.
2019-06-29 17:22:41,826 - Velocimacro : "velocimacro.library" is not set.  Trying default library: VM_global_library.vm
2019-06-29 17:22:41,826 - Velocimacro : Default library not found.
2019-06-29 17:22:41,826 - Velocimacro : allowInline = true : VMs can be defined inline in templates
2019-06-29 17:22:41,826 - Velocimacro : allowInlineToOverride = false : VMs defined inline may NOT replace previous VM definitions
2019-06-29 17:22:41,827 - Velocimacro : allowInlineLocal = false : VMs defined inline will be global in scope if allowed.
2019-06-29 17:22:41,827 - Velocimacro : autoload off : VM system will not automatically reload global library macros
2019-07-01 09:56:02,646 - Log4JLogChute initialized using file 'velocity.log'
2019-07-01 09:56:02,669 - Initializing Velocity, Calling init()...
2019-07-01 09:56:02,669 - Starting Apache Velocity v1.7 (compiled: 2010-11-19 12:14:37)
2019-07-01 09:56:02,669 - Default Properties File: org\apache\velocity\runtime\defaults\velocity.properties
2019-07-01 09:56:02,669 - Trying to use logger class org.apache.velocity.runtime.log.AvalonLogChute
2019-07-01 09:56:02,669 - Target log system for org.apache.velocity.runtime.log.AvalonLogChute is not available (java.lang.NoClassDefFoundError: org/apache/log/format/Formatter).  Falling back to next log system...
2019-07-01 09:56:02,670 - Trying to use logger class org.apache.velocity.runtime.log.Log4JLogChute
2019-07-01 09:56:02,670 - Using logger class org.apache.velocity.runtime.log.Log4JLogChute
2019-07-01 09:56:02,675 - ResourceLoader instantiated: org.apache.velocity.runtime.resource.loader.FileResourceLoader
2019-07-01 09:56:02,677 - Do unicode file recognition:  false
2019-07-01 09:56:02,678 - FileResourceLoader : adding path '.'
2019-07-01 09:56:02,701 - ResourceCache: initialized (class org.apache.velocity.runtime.resource.ResourceCacheImpl) with class java.util.Collections$SynchronizedMap cache map.
2019-07-01 09:56:02,702 - Loaded System Directive: org.apache.velocity.runtime.directive.Stop
2019-07-01 09:56:02,704 - Loaded System Directive: org.apache.velocity.runtime.directive.Define
2019-07-01 09:56:02,705 - Loaded System Directive: org.apache.velocity.runtime.directive.Break
2019-07-01 09:56:02,706 - Loaded System Directive: org.apache.velocity.runtime.directive.Evaluate
2019-07-01 09:56:02,707 - Loaded System Directive: org.apache.velocity.runtime.directive.Literal
2019-07-01 09:56:02,707 - Loaded System Directive: org.apache.velocity.runtime.directive.Macro
2019-07-01 09:56:02,708 - Loaded System Directive: org.apache.velocity.runtime.directive.Parse
2019-07-01 09:56:02,709 - Loaded System Directive: org.apache.velocity.runtime.directive.Include
2019-07-01 09:56:02,709 - Loaded System Directive: org.apache.velocity.runtime.directive.Foreach
2019-07-01 09:56:02,737 - Created '20' parsers.
2019-07-01 09:56:02,741 - Velocimacro : "velocimacro.library" is not set.  Trying default library: VM_global_library.vm
2019-07-01 09:56:02,741 - Velocimacro : Default library not found.
2019-07-01 09:56:02,741 - Velocimacro : allowInline = true : VMs can be defined inline in templates
2019-07-01 09:56:02,741 - Velocimacro : allowInlineToOverride = false : VMs defined inline may NOT replace previous VM definitions
2019-07-01 09:56:02,741 - Velocimacro : allowInlineLocal = false : VMs defined inline will be global in scope if allowed.
2019-07-01 09:56:02,741 - Velocimacro : autoload off : VM system will not automatically reload global library macros
2019-07-01 10:00:16,692 - Log4JLogChute initialized using file 'velocity.log'
2019-07-01 10:00:16,693 - Initializing Velocity, Calling init()...
2019-07-01 10:00:16,693 - Starting Apache Velocity v1.7 (compiled: 2010-11-19 12:14:37)
2019-07-01 10:00:16,693 - Default Properties File: org\apache\velocity\runtime\defaults\velocity.properties
2019-07-01 10:00:16,693 - Trying to use logger class org.apache.velocity.runtime.log.AvalonLogChute
2019-07-01 10:00:16,693 - Target log system for org.apache.velocity.runtime.log.AvalonLogChute is not available (java.lang.NoClassDefFoundError: org/apache/log/format/Formatter).  Falling back to next log system...
2019-07-01 10:00:16,693 - Trying to use logger class org.apache.velocity.runtime.log.Log4JLogChute
2019-07-01 10:00:16,693 - Using logger class org.apache.velocity.runtime.log.Log4JLogChute
2019-07-01 10:00:16,696 - ResourceLoader instantiated: org.apache.velocity.runtime.resource.loader.FileResourceLoader
2019-07-01 10:00:16,697 - Do unicode file recognition:  false
2019-07-01 10:00:16,697 - FileResourceLoader : adding path '.'
2019-07-01 10:00:16,707 - ResourceCache: initialized (class org.apache.velocity.runtime.resource.ResourceCacheImpl) with class java.util.Collections$SynchronizedMap cache map.
2019-07-01 10:00:16,714 - Loaded System Directive: org.apache.velocity.runtime.directive.Stop
2019-07-01 10:00:16,717 - Loaded System Directive: org.apache.velocity.runtime.directive.Define
2019-07-01 10:00:16,718 - Loaded System Directive: org.apache.velocity.runtime.directive.Break
2019-07-01 10:00:16,718 - Loaded System Directive: org.apache.velocity.runtime.directive.Evaluate
2019-07-01 10:00:16,719 - Loaded System Directive: org.apache.velocity.runtime.directive.Literal
2019-07-01 10:00:16,719 - Loaded System Directive: org.apache.velocity.runtime.directive.Macro
2019-07-01 10:00:16,720 - Loaded System Directive: org.apache.velocity.runtime.directive.Parse
2019-07-01 10:00:16,721 - Loaded System Directive: org.apache.velocity.runtime.directive.Include
2019-07-01 10:00:16,722 - Loaded System Directive: org.apache.velocity.runtime.directive.Foreach
2019-07-01 10:00:16,745 - Created '20' parsers.
2019-07-01 10:00:16,767 - Velocimacro : "velocimacro.library" is not set.  Trying default library: VM_global_library.vm
2019-07-01 10:00:16,768 - Velocimacro : Default library not found.
2019-07-01 10:00:16,768 - Velocimacro : allowInline = true : VMs can be defined inline in templates
2019-07-01 10:00:16,768 - Velocimacro : allowInlineToOverride = false : VMs defined inline may NOT replace previous VM definitions
2019-07-01 10:00:16,768 - Velocimacro : allowInlineLocal = false : VMs defined inline will be global in scope if allowed.
2019-07-01 10:00:16,768 - Velocimacro : autoload off : VM system will not automatically reload global library macros
2019-07-01 10:02:49,639 - Log4JLogChute initialized using file 'velocity.log'
2019-07-01 10:02:49,640 - Initializing Velocity, Calling init()...
2019-07-01 10:02:49,640 - Starting Apache Velocity v1.7 (compiled: 2010-11-19 12:14:37)
2019-07-01 10:02:49,640 - Default Properties File: org\apache\velocity\runtime\defaults\velocity.properties
2019-07-01 10:02:49,640 - Trying to use logger class org.apache.velocity.runtime.log.AvalonLogChute
2019-07-01 10:02:49,640 - Target log system for org.apache.velocity.runtime.log.AvalonLogChute is not available (java.lang.NoClassDefFoundError: org/apache/log/format/Formatter).  Falling back to next log system...
2019-07-01 10:02:49,640 - Trying to use logger class org.apache.velocity.runtime.log.Log4JLogChute
2019-07-01 10:02:49,640 - Using logger class org.apache.velocity.runtime.log.Log4JLogChute
2019-07-01 10:02:49,644 - ResourceLoader instantiated: org.apache.velocity.runtime.resource.loader.FileResourceLoader
2019-07-01 10:02:49,645 - Do unicode file recognition:  false
2019-07-01 10:02:49,645 - FileResourceLoader : adding path '.'
2019-07-01 10:02:49,664 - ResourceCache: initialized (class org.apache.velocity.runtime.resource.ResourceCacheImpl) with class java.util.Collections$SynchronizedMap cache map.
2019-07-01 10:02:49,672 - Loaded System Directive: org.apache.velocity.runtime.directive.Stop
2019-07-01 10:02:49,673 - Loaded System Directive: org.apache.velocity.runtime.directive.Define
2019-07-01 10:02:49,673 - Loaded System Directive: org.apache.velocity.runtime.directive.Break
2019-07-01 10:02:49,674 - Loaded System Directive: org.apache.velocity.runtime.directive.Evaluate
2019-07-01 10:02:49,675 - Loaded System Directive: org.apache.velocity.runtime.directive.Literal
2019-07-01 10:02:49,675 - Loaded System Directive: org.apache.velocity.runtime.directive.Macro
2019-07-01 10:02:49,677 - Loaded System Directive: org.apache.velocity.runtime.directive.Parse
2019-07-01 10:02:49,678 - Loaded System Directive: org.apache.velocity.runtime.directive.Include
2019-07-01 10:02:49,679 - Loaded System Directive: org.apache.velocity.runtime.directive.Foreach
2019-07-01 10:02:49,700 - Created '20' parsers.
2019-07-01 10:02:49,712 - Velocimacro : "velocimacro.library" is not set.  Trying default library: VM_global_library.vm
2019-07-01 10:02:49,712 - Velocimacro : Default library not found.
2019-07-01 10:02:49,712 - Velocimacro : allowInline = true : VMs can be defined inline in templates
2019-07-01 10:02:49,712 - Velocimacro : allowInlineToOverride = false : VMs defined inline may NOT replace previous VM definitions
2019-07-01 10:02:49,712 - Velocimacro : allowInlineLocal = false : VMs defined inline will be global in scope if allowed.
2019-07-01 10:02:49,712 - Velocimacro : autoload off : VM system will not automatically reload global library macros
2019-07-01 10:03:08,541 - Log4JLogChute initialized using file 'velocity.log'
2019-07-01 10:03:08,542 - Initializing Velocity, Calling init()...
2019-07-01 10:03:08,542 - Starting Apache Velocity v1.7 (compiled: 2010-11-19 12:14:37)
2019-07-01 10:03:08,542 - Default Properties File: org\apache\velocity\runtime\defaults\velocity.properties
2019-07-01 10:03:08,542 - Trying to use logger class org.apache.velocity.runtime.log.AvalonLogChute
2019-07-01 10:03:08,542 - Target log system for org.apache.velocity.runtime.log.AvalonLogChute is not available (java.lang.NoClassDefFoundError: org/apache/log/format/Formatter).  Falling back to next log system...
2019-07-01 10:03:08,542 - Trying to use logger class org.apache.velocity.runtime.log.Log4JLogChute
2019-07-01 10:03:08,542 - Using logger class org.apache.velocity.runtime.log.Log4JLogChute
2019-07-01 10:03:08,546 - ResourceLoader instantiated: org.apache.velocity.runtime.resource.loader.FileResourceLoader
2019-07-01 10:03:08,546 - Do unicode file recognition:  false
2019-07-01 10:03:08,548 - FileResourceLoader : adding path '.'
2019-07-01 10:03:08,558 - ResourceCache: initialized (class org.apache.velocity.runtime.resource.ResourceCacheImpl) with class java.util.Collections$SynchronizedMap cache map.
2019-07-01 10:03:08,563 - Loaded System Directive: org.apache.velocity.runtime.directive.Stop
2019-07-01 10:03:08,570 - Loaded System Directive: org.apache.velocity.runtime.directive.Define
2019-07-01 10:03:08,571 - Loaded System Directive: org.apache.velocity.runtime.directive.Break
2019-07-01 10:03:08,571 - Loaded System Directive: org.apache.velocity.runtime.directive.Evaluate
2019-07-01 10:03:08,572 - Loaded System Directive: org.apache.velocity.runtime.directive.Literal
2019-07-01 10:03:08,572 - Loaded System Directive: org.apache.velocity.runtime.directive.Macro
2019-07-01 10:03:08,573 - Loaded System Directive: org.apache.velocity.runtime.directive.Parse
2019-07-01 10:03:08,575 - Loaded System Directive: org.apache.velocity.runtime.directive.Include
2019-07-01 10:03:08,576 - Loaded System Directive: org.apache.velocity.runtime.directive.Foreach
2019-07-01 10:03:08,596 - Created '20' parsers.
2019-07-01 10:03:08,602 - Velocimacro : "velocimacro.library" is not set.  Trying default library: VM_global_library.vm
2019-07-01 10:03:08,602 - Velocimacro : Default library not found.
2019-07-01 10:03:08,602 - Velocimacro : allowInline = true : VMs can be defined inline in templates
2019-07-01 10:03:08,602 - Velocimacro : allowInlineToOverride = false : VMs defined inline may NOT replace previous VM definitions
2019-07-01 10:03:08,602 - Velocimacro : allowInlineLocal = false : VMs defined inline will be global in scope if allowed.
2019-07-01 10:03:08,602 - Velocimacro : autoload off : VM system will not automatically reload global library macros
2019-07-01 10:43:01,060 - Log4JLogChute initialized using file 'velocity.log'
2019-07-01 10:43:01,061 - Initializing Velocity, Calling init()...
2019-07-01 10:43:01,061 - Starting Apache Velocity v1.7 (compiled: 2010-11-19 12:14:37)
2019-07-01 10:43:01,061 - Default Properties File: org\apache\velocity\runtime\defaults\velocity.properties
2019-07-01 10:43:01,061 - Trying to use logger class org.apache.velocity.runtime.log.AvalonLogChute
2019-07-01 10:43:01,061 - Target log system for org.apache.velocity.runtime.log.AvalonLogChute is not available (java.lang.NoClassDefFoundError: org/apache/log/format/Formatter).  Falling back to next log system...
2019-07-01 10:43:01,061 - Trying to use logger class org.apache.velocity.runtime.log.Log4JLogChute
2019-07-01 10:43:01,061 - Using logger class org.apache.velocity.runtime.log.Log4JLogChute
2019-07-01 10:43:01,065 - ResourceLoader instantiated: org.apache.velocity.runtime.resource.loader.FileResourceLoader
2019-07-01 10:43:01,066 - Do unicode file recognition:  false
2019-07-01 10:43:01,066 - FileResourceLoader : adding path '.'
2019-07-01 10:43:01,072 - ResourceCache: initialized (class org.apache.velocity.runtime.resource.ResourceCacheImpl) with class java.util.Collections$SynchronizedMap cache map.
2019-07-01 10:43:01,073 - Loaded System Directive: org.apache.velocity.runtime.directive.Stop
2019-07-01 10:43:01,075 - Loaded System Directive: org.apache.velocity.runtime.directive.Define
2019-07-01 10:43:01,076 - Loaded System Directive: org.apache.velocity.runtime.directive.Break
2019-07-01 10:43:01,076 - Loaded System Directive: org.apache.velocity.runtime.directive.Evaluate
2019-07-01 10:43:01,077 - Loaded System Directive: org.apache.velocity.runtime.directive.Literal
2019-07-01 10:43:01,078 - Loaded System Directive: org.apache.velocity.runtime.directive.Macro
2019-07-01 10:43:01,079 - Loaded System Directive: org.apache.velocity.runtime.directive.Parse
2019-07-01 10:43:01,080 - Loaded System Directive: org.apache.velocity.runtime.directive.Include
2019-07-01 10:43:01,081 - Loaded System Directive: org.apache.velocity.runtime.directive.Foreach
2019-07-01 10:43:01,122 - Created '20' parsers.
2019-07-01 10:43:01,137 - Velocimacro : "velocimacro.library" is not set.  Trying default library: VM_global_library.vm
2019-07-01 10:43:01,137 - Velocimacro : Default library not found.
2019-07-01 10:43:01,137 - Velocimacro : allowInline = true : VMs can be defined inline in templates
2019-07-01 10:43:01,137 - Velocimacro : allowInlineToOverride = false : VMs defined inline may NOT replace previous VM definitions
2019-07-01 10:43:01,137 - Velocimacro : allowInlineLocal = false : VMs defined inline will be global in scope if allowed.
2019-07-01 10:43:01,137 - Velocimacro : autoload off : VM system will not automatically reload global library macros
